#
# There is insufficient memory for the Java Runtime Environment to continue.
# Native memory allocation (malloc) failed to allocate 1059984 bytes. Error detail: Chunk::new
# Possible reasons:
#   The system is out of physical RAM or swap space
#   This process is running with CompressedOops enabled, and the Java Heap may be blocking the growth of the native heap
# Possible solutions:
#   Reduce memory load on the system
#   Increase physical memory or swap space
#   Check if swap backing store is full
#   Decrease Java heap size (-Xmx/-Xms)
#   Decrease number of Java threads
#   Decrease Java thread stack sizes (-Xss)
#   Set larger code cache with -XX:ReservedCodeCacheSize=
#   JVM is running with Unscaled Compressed Oops mode in which the Java heap is
#     placed in the first 4GB address space. The Java Heap base address is the
#     maximum limit for the native heap growth. Please use -XX:HeapBaseMinAddress
#     to set the Java Heap base and to place the Java Heap above 4GB virtual address.
# This output file may be truncated or incomplete.
#
#  Out of Memory Error (arena.cpp:162), pid=21156, tid=20192
#
# JRE version: OpenJDK Runtime Environment Zulu24.30+11-CA (24.0.1+9) (build 24.0.1+9)
# Java VM: OpenJDK 64-Bit Server VM Zulu24.30+11-CA (24.0.1+9, mixed mode, sharing, tiered, compressed oops, compressed class ptrs, g1 gc, windows-amd64)
# No core dump will be written. Minidumps are not enabled by default on client versions of Windows
#

---------------  S U M M A R Y ------------

Command Line: -Dfile.encoding=UTF-8 --module-path=C:\Users\DELL\OneDrive\Desktop\java\java\revision_oop\build\classes revision_oop.Revision_oop

Host: 12th Gen Intel(R) Core(TM) i5-1235U, 12 cores, 7G,  Windows 11 , 64 bit Build 26100 (10.0.26100.4202)
Time: Mon Jul  7 18:03:50 2025 Egypt Summer Time elapsed time: 1.247940 seconds (0d 0h 0m 1s)

---------------  T H R E A D  ---------------

Current thread (0x000001bcf0010090):  JavaThread "C2 CompilerThread0" daemon [_thread_in_native, id=20192, stack(0x0000003999500000,0x0000003999600000) (1024K)]


Current CompileTask:
C2:1248  151       4       java.util.HashMap::putVal (300 bytes)

Stack: [0x0000003999500000,0x0000003999600000]
Native frames: (J=compiled Java code, j=interpreted, Vv=VM code, C=native code)
V  [jvm.dll+0x7410c9]  (no source info available)
V  [jvm.dll+0x97def3]  (no source info available)
V  [jvm.dll+0x98021d]  (no source info available)
V  [jvm.dll+0x980893]  (no source info available)
V  [jvm.dll+0x2b5b16]  (no source info available)
V  [jvm.dll+0xd019f]  (no source info available)
V  [jvm.dll+0xd03ff]  (no source info available)
V  [jvm.dll+0x15b8bf]  (no source info available)
V  [jvm.dll+0x74698f]  (no source info available)
V  [jvm.dll+0x27a528]  (no source info available)
V  [jvm.dll+0x279641]  (no source info available)
V  [jvm.dll+0x1f313a]  (no source info available)
V  [jvm.dll+0x288e35]  (no source info available)
V  [jvm.dll+0x2870ca]  (no source info available)
V  [jvm.dll+0x43df56]  (no source info available)
V  [jvm.dll+0x920928]  (no source info available)
V  [jvm.dll+0x73f855]  (no source info available)
C  [ucrtbase.dll+0x37b0]  (no source info available)
C  [KERNEL32.DLL+0x2e8d7]  (no source info available)
C  [ntdll.dll+0x3c34c]  (no source info available)

Lock stack of current Java thread (top to bottom):


---------------  P R O C E S S  ---------------

Threads class SMR info:
_java_thread_list=0x000001bcf01718c0, length=11, elements={
0x000001bcaa5d9bc0, 0x000001bcaa5da300, 0x000001bcaa5db850, 0x000001bcaa5dc4b0,
0x000001bcaa5dd110, 0x000001bcaa5ddd70, 0x000001bcf0010090, 0x000001bcaa5e9990,
0x000001bcf00d0230, 0x000001bcf01934b0, 0x000001bc8b550270
}

Java Threads: ( => current thread )
  0x000001bcaa5d9bc0 JavaThread "Reference Handler"          daemon [_thread_blocked, id=20688, stack(0x0000003998f00000,0x0000003999000000) (1024K)]
  0x000001bcaa5da300 JavaThread "Finalizer"                  daemon [_thread_blocked, id=6420, stack(0x0000003999000000,0x0000003999100000) (1024K)]
  0x000001bcaa5db850 JavaThread "Signal Dispatcher"          daemon [_thread_blocked, id=6652, stack(0x0000003999100000,0x0000003999200000) (1024K)]
  0x000001bcaa5dc4b0 JavaThread "Attach Listener"            daemon [_thread_blocked, id=15856, stack(0x0000003999200000,0x0000003999300000) (1024K)]
  0x000001bcaa5dd110 JavaThread "Service Thread"             daemon [_thread_blocked, id=6544, stack(0x0000003999300000,0x0000003999400000) (1024K)]
  0x000001bcaa5ddd70 JavaThread "Monitor Deflation Thread"   daemon [_thread_blocked, id=27008, stack(0x0000003999400000,0x0000003999500000) (1024K)]
=>0x000001bcf0010090 JavaThread "C2 CompilerThread0"         daemon [_thread_in_native, id=20192, stack(0x0000003999500000,0x0000003999600000) (1024K)]
  0x000001bcaa5e9990 JavaThread "C1 CompilerThread0"         daemon [_thread_blocked, id=26552, stack(0x0000003999600000,0x0000003999700000) (1024K)]
  0x000001bcf00d0230 JavaThread "Common-Cleaner"             daemon [_thread_blocked, id=24908, stack(0x0000003999700000,0x0000003999800000) (1024K)]
  0x000001bcf01934b0 JavaThread "Notification Thread"        daemon [_thread_blocked, id=7532, stack(0x0000003999900000,0x0000003999a00000) (1024K)]
  0x000001bc8b550270 JavaThread "DestroyJavaVM"                     [_thread_blocked, id=8160, stack(0x0000003998700000,0x0000003998800000) (1024K)]
Total: 11

Other Threads:
  0x000001bcaa5c8ef0 VMThread "VM Thread"                           [id=7152, stack(0x0000003998e00000,0x0000003998f00000) (1024K)]
  0x000001bcaa5b86b0 WatcherThread "VM Periodic Task Thread"        [id=27208, stack(0x0000003998d00000,0x0000003998e00000) (1024K)]
  0x000001bc8da1e2e0 WorkerThread "GC Thread#0"                     [id=22404, stack(0x0000003998800000,0x0000003998900000) (1024K)]
  0x000001bc8da4fc60 ConcurrentGCThread "G1 Main Marker"            [id=14736, stack(0x0000003998900000,0x0000003998a00000) (1024K)]
  0x000001bc8da51620 WorkerThread "G1 Conc#0"                       [id=22368, stack(0x0000003998a00000,0x0000003998b00000) (1024K)]
  0x000001bc8da8e760 ConcurrentGCThread "G1 Refine#0"               [id=17752, stack(0x0000003998b00000,0x0000003998c00000) (1024K)]
  0x000001bcaa4862a0 ConcurrentGCThread "G1 Service"                [id=23504, stack(0x0000003998c00000,0x0000003998d00000) (1024K)]
Total: 7

Threads with active compile tasks:
C2 CompilerThread0  13390  151       4       java.util.HashMap::putVal (300 bytes)
Total: 1

VM state: not at safepoint (normal execution)

VM Mutex/Monitor currently owned by a thread: None

Heap address: 0x0000000084e00000, size: 1970 MB, Compressed Oops mode: 32-bit

CDS archive(s) mapped at: [0x000001bcab000000-0x000001bcabd40000-0x000001bcabd40000), size 13893632, SharedBaseAddress: 0x000001bcab000000, ArchiveRelocationMode: 1.
Compressed class space mapped at: 0x000001bcac000000-0x000001bcec000000, reserved size: 1073741824
UseCompressedClassPointers 1, UseCompactObjectHeaders 0
Narrow klass pointer bits 32, Max shift 3
Narrow klass base: 0x000001bcab000000, Narrow klass shift: 0
Encoding Range: [0x000001bcab000000 - 0x000001bdab000000), (4294967296 bytes)
Klass Range:    [0x000001bcab000000 - 0x000001bcec000000), (1090519040 bytes)
Klass ID Range:  [8 - 1090519033) (1090519025)

GC Precious Log:
 CardTable entry size: 512
 Card Set container configuration: InlinePtr #cards 5 size 8 Array Of Cards #cards 10 size 36 Howl #buckets 4 coarsen threshold 1843 Howl Bitmap #cards 512 size 80 coarsen threshold 460 Card regions per heap region 1 cards per card region 2048
 CPUs: 12 total, 12 available
 Memory: 7876M
 Large Page Support: Disabled
 NUMA Support: Disabled
 Compressed Oops: Enabled (32-bit)
 Heap Region Size: 1M
 Heap Min Capacity: 8M
 Heap Initial Capacity: 124M
 Heap Max Capacity: 1970M
 Pre-touch: Disabled
 Parallel Workers: 10
 Concurrent Workers: 3
 Concurrent Refinement Workers: 10
 Periodic GC: Disabled

Heap:
 garbage-first heap   total reserved 2017280K, committed 129024K, used 4208K [0x0000000084e00000, 0x0000000100000000)
  region size 1024K, 4 young (4096K), 0 survivors (0K)
 Metaspace       used 431K, committed 576K, reserved 1114112K
  class space    used 26K, committed 128K, reserved 1048576K

Heap Regions: E=young(eden), S=young(survivor), O=old, HS=humongous(starts), HC=humongous(continues), CS=collection set, F=free, TAMS=top-at-mark-start, PB=parsable bottom
|   0|0x0000000084e00000, 0x0000000084e00000, 0x0000000084f00000|  0%| F|  |TAMS 0x0000000084e00000| PB 0x0000000084e00000| Untracked |  0
|   1|0x0000000084f00000, 0x0000000084f00000, 0x0000000085000000|  0%| F|  |TAMS 0x0000000084f00000| PB 0x0000000084f00000| Untracked |  0
|   2|0x0000000085000000, 0x0000000085000000, 0x0000000085100000|  0%| F|  |TAMS 0x0000000085000000| PB 0x0000000085000000| Untracked |  0
|   3|0x0000000085100000, 0x0000000085100000, 0x0000000085200000|  0%| F|  |TAMS 0x0000000085100000| PB 0x0000000085100000| Untracked |  0
|   4|0x0000000085200000, 0x0000000085200000, 0x0000000085300000|  0%| F|  |TAMS 0x0000000085200000| PB 0x0000000085200000| Untracked |  0
|   5|0x0000000085300000, 0x0000000085300000, 0x0000000085400000|  0%| F|  |TAMS 0x0000000085300000| PB 0x0000000085300000| Untracked |  0
|   6|0x0000000085400000, 0x0000000085400000, 0x0000000085500000|  0%| F|  |TAMS 0x0000000085400000| PB 0x0000000085400000| Untracked |  0
|   7|0x0000000085500000, 0x0000000085500000, 0x0000000085600000|  0%| F|  |TAMS 0x0000000085500000| PB 0x0000000085500000| Untracked |  0
|   8|0x0000000085600000, 0x0000000085600000, 0x0000000085700000|  0%| F|  |TAMS 0x0000000085600000| PB 0x0000000085600000| Untracked |  0
|   9|0x0000000085700000, 0x0000000085700000, 0x0000000085800000|  0%| F|  |TAMS 0x0000000085700000| PB 0x0000000085700000| Untracked |  0
|  10|0x0000000085800000, 0x0000000085800000, 0x0000000085900000|  0%| F|  |TAMS 0x0000000085800000| PB 0x0000000085800000| Untracked |  0
|  11|0x0000000085900000, 0x0000000085900000, 0x0000000085a00000|  0%| F|  |TAMS 0x0000000085900000| PB 0x0000000085900000| Untracked |  0
|  12|0x0000000085a00000, 0x0000000085a00000, 0x0000000085b00000|  0%| F|  |TAMS 0x0000000085a00000| PB 0x0000000085a00000| Untracked |  0
|  13|0x0000000085b00000, 0x0000000085b00000, 0x0000000085c00000|  0%| F|  |TAMS 0x0000000085b00000| PB 0x0000000085b00000| Untracked |  0
|  14|0x0000000085c00000, 0x0000000085c00000, 0x0000000085d00000|  0%| F|  |TAMS 0x0000000085c00000| PB 0x0000000085c00000| Untracked |  0
|  15|0x0000000085d00000, 0x0000000085d00000, 0x0000000085e00000|  0%| F|  |TAMS 0x0000000085d00000| PB 0x0000000085d00000| Untracked |  0
|  16|0x0000000085e00000, 0x0000000085e00000, 0x0000000085f00000|  0%| F|  |TAMS 0x0000000085e00000| PB 0x0000000085e00000| Untracked |  0
|  17|0x0000000085f00000, 0x0000000085f00000, 0x0000000086000000|  0%| F|  |TAMS 0x0000000085f00000| PB 0x0000000085f00000| Untracked |  0
|  18|0x0000000086000000, 0x0000000086000000, 0x0000000086100000|  0%| F|  |TAMS 0x0000000086000000| PB 0x0000000086000000| Untracked |  0
|  19|0x0000000086100000, 0x0000000086100000, 0x0000000086200000|  0%| F|  |TAMS 0x0000000086100000| PB 0x0000000086100000| Untracked |  0
|  20|0x0000000086200000, 0x0000000086200000, 0x0000000086300000|  0%| F|  |TAMS 0x0000000086200000| PB 0x0000000086200000| Untracked |  0
|  21|0x0000000086300000, 0x0000000086300000, 0x0000000086400000|  0%| F|  |TAMS 0x0000000086300000| PB 0x0000000086300000| Untracked |  0
|  22|0x0000000086400000, 0x0000000086400000, 0x0000000086500000|  0%| F|  |TAMS 0x0000000086400000| PB 0x0000000086400000| Untracked |  0
|  23|0x0000000086500000, 0x0000000086500000, 0x0000000086600000|  0%| F|  |TAMS 0x0000000086500000| PB 0x0000000086500000| Untracked |  0
|  24|0x0000000086600000, 0x0000000086600000, 0x0000000086700000|  0%| F|  |TAMS 0x0000000086600000| PB 0x0000000086600000| Untracked |  0
|  25|0x0000000086700000, 0x0000000086700000, 0x0000000086800000|  0%| F|  |TAMS 0x0000000086700000| PB 0x0000000086700000| Untracked |  0
|  26|0x0000000086800000, 0x0000000086800000, 0x0000000086900000|  0%| F|  |TAMS 0x0000000086800000| PB 0x0000000086800000| Untracked |  0
|  27|0x0000000086900000, 0x0000000086900000, 0x0000000086a00000|  0%| F|  |TAMS 0x0000000086900000| PB 0x0000000086900000| Untracked |  0
|  28|0x0000000086a00000, 0x0000000086a00000, 0x0000000086b00000|  0%| F|  |TAMS 0x0000000086a00000| PB 0x0000000086a00000| Untracked |  0
|  29|0x0000000086b00000, 0x0000000086b00000, 0x0000000086c00000|  0%| F|  |TAMS 0x0000000086b00000| PB 0x0000000086b00000| Untracked |  0
|  30|0x0000000086c00000, 0x0000000086c00000, 0x0000000086d00000|  0%| F|  |TAMS 0x0000000086c00000| PB 0x0000000086c00000| Untracked |  0
|  31|0x0000000086d00000, 0x0000000086d00000, 0x0000000086e00000|  0%| F|  |TAMS 0x0000000086d00000| PB 0x0000000086d00000| Untracked |  0
|  32|0x0000000086e00000, 0x0000000086e00000, 0x0000000086f00000|  0%| F|  |TAMS 0x0000000086e00000| PB 0x0000000086e00000| Untracked |  0
|  33|0x0000000086f00000, 0x0000000086f00000, 0x0000000087000000|  0%| F|  |TAMS 0x0000000086f00000| PB 0x0000000086f00000| Untracked |  0
|  34|0x0000000087000000, 0x0000000087000000, 0x0000000087100000|  0%| F|  |TAMS 0x0000000087000000| PB 0x0000000087000000| Untracked |  0
|  35|0x0000000087100000, 0x0000000087100000, 0x0000000087200000|  0%| F|  |TAMS 0x0000000087100000| PB 0x0000000087100000| Untracked |  0
|  36|0x0000000087200000, 0x0000000087200000, 0x0000000087300000|  0%| F|  |TAMS 0x0000000087200000| PB 0x0000000087200000| Untracked |  0
|  37|0x0000000087300000, 0x0000000087300000, 0x0000000087400000|  0%| F|  |TAMS 0x0000000087300000| PB 0x0000000087300000| Untracked |  0
|  38|0x0000000087400000, 0x0000000087400000, 0x0000000087500000|  0%| F|  |TAMS 0x0000000087400000| PB 0x0000000087400000| Untracked |  0
|  39|0x0000000087500000, 0x0000000087500000, 0x0000000087600000|  0%| F|  |TAMS 0x0000000087500000| PB 0x0000000087500000| Untracked |  0
|  40|0x0000000087600000, 0x0000000087600000, 0x0000000087700000|  0%| F|  |TAMS 0x0000000087600000| PB 0x0000000087600000| Untracked |  0
|  41|0x0000000087700000, 0x0000000087700000, 0x0000000087800000|  0%| F|  |TAMS 0x0000000087700000| PB 0x0000000087700000| Untracked |  0
|  42|0x0000000087800000, 0x0000000087800000, 0x0000000087900000|  0%| F|  |TAMS 0x0000000087800000| PB 0x0000000087800000| Untracked |  0
|  43|0x0000000087900000, 0x0000000087900000, 0x0000000087a00000|  0%| F|  |TAMS 0x0000000087900000| PB 0x0000000087900000| Untracked |  0
|  44|0x0000000087a00000, 0x0000000087a00000, 0x0000000087b00000|  0%| F|  |TAMS 0x0000000087a00000| PB 0x0000000087a00000| Untracked |  0
|  45|0x0000000087b00000, 0x0000000087b00000, 0x0000000087c00000|  0%| F|  |TAMS 0x0000000087b00000| PB 0x0000000087b00000| Untracked |  0
|  46|0x0000000087c00000, 0x0000000087c00000, 0x0000000087d00000|  0%| F|  |TAMS 0x0000000087c00000| PB 0x0000000087c00000| Untracked |  0
|  47|0x0000000087d00000, 0x0000000087d00000, 0x0000000087e00000|  0%| F|  |TAMS 0x0000000087d00000| PB 0x0000000087d00000| Untracked |  0
|  48|0x0000000087e00000, 0x0000000087e00000, 0x0000000087f00000|  0%| F|  |TAMS 0x0000000087e00000| PB 0x0000000087e00000| Untracked |  0
|  49|0x0000000087f00000, 0x0000000087f00000, 0x0000000088000000|  0%| F|  |TAMS 0x0000000087f00000| PB 0x0000000087f00000| Untracked |  0
|  50|0x0000000088000000, 0x0000000088000000, 0x0000000088100000|  0%| F|  |TAMS 0x0000000088000000| PB 0x0000000088000000| Untracked |  0
|  51|0x0000000088100000, 0x0000000088100000, 0x0000000088200000|  0%| F|  |TAMS 0x0000000088100000| PB 0x0000000088100000| Untracked |  0
|  52|0x0000000088200000, 0x0000000088200000, 0x0000000088300000|  0%| F|  |TAMS 0x0000000088200000| PB 0x0000000088200000| Untracked |  0
|  53|0x0000000088300000, 0x0000000088300000, 0x0000000088400000|  0%| F|  |TAMS 0x0000000088300000| PB 0x0000000088300000| Untracked |  0
|  54|0x0000000088400000, 0x0000000088400000, 0x0000000088500000|  0%| F|  |TAMS 0x0000000088400000| PB 0x0000000088400000| Untracked |  0
|  55|0x0000000088500000, 0x0000000088500000, 0x0000000088600000|  0%| F|  |TAMS 0x0000000088500000| PB 0x0000000088500000| Untracked |  0
|  56|0x0000000088600000, 0x0000000088600000, 0x0000000088700000|  0%| F|  |TAMS 0x0000000088600000| PB 0x0000000088600000| Untracked |  0
|  57|0x0000000088700000, 0x0000000088700000, 0x0000000088800000|  0%| F|  |TAMS 0x0000000088700000| PB 0x0000000088700000| Untracked |  0
|  58|0x0000000088800000, 0x0000000088800000, 0x0000000088900000|  0%| F|  |TAMS 0x0000000088800000| PB 0x0000000088800000| Untracked |  0
|  59|0x0000000088900000, 0x0000000088900000, 0x0000000088a00000|  0%| F|  |TAMS 0x0000000088900000| PB 0x0000000088900000| Untracked |  0
|  60|0x0000000088a00000, 0x0000000088a00000, 0x0000000088b00000|  0%| F|  |TAMS 0x0000000088a00000| PB 0x0000000088a00000| Untracked |  0
|  61|0x0000000088b00000, 0x0000000088b00000, 0x0000000088c00000|  0%| F|  |TAMS 0x0000000088b00000| PB 0x0000000088b00000| Untracked |  0
|  62|0x0000000088c00000, 0x0000000088c00000, 0x0000000088d00000|  0%| F|  |TAMS 0x0000000088c00000| PB 0x0000000088c00000| Untracked |  0
|  63|0x0000000088d00000, 0x0000000088d00000, 0x0000000088e00000|  0%| F|  |TAMS 0x0000000088d00000| PB 0x0000000088d00000| Untracked |  0
|  64|0x0000000088e00000, 0x0000000088e00000, 0x0000000088f00000|  0%| F|  |TAMS 0x0000000088e00000| PB 0x0000000088e00000| Untracked |  0
|  65|0x0000000088f00000, 0x0000000088f00000, 0x0000000089000000|  0%| F|  |TAMS 0x0000000088f00000| PB 0x0000000088f00000| Untracked |  0
|  66|0x0000000089000000, 0x0000000089000000, 0x0000000089100000|  0%| F|  |TAMS 0x0000000089000000| PB 0x0000000089000000| Untracked |  0
|  67|0x0000000089100000, 0x0000000089100000, 0x0000000089200000|  0%| F|  |TAMS 0x0000000089100000| PB 0x0000000089100000| Untracked |  0
|  68|0x0000000089200000, 0x0000000089200000, 0x0000000089300000|  0%| F|  |TAMS 0x0000000089200000| PB 0x0000000089200000| Untracked |  0
|  69|0x0000000089300000, 0x0000000089300000, 0x0000000089400000|  0%| F|  |TAMS 0x0000000089300000| PB 0x0000000089300000| Untracked |  0
|  70|0x0000000089400000, 0x0000000089400000, 0x0000000089500000|  0%| F|  |TAMS 0x0000000089400000| PB 0x0000000089400000| Untracked |  0
|  71|0x0000000089500000, 0x0000000089500000, 0x0000000089600000|  0%| F|  |TAMS 0x0000000089500000| PB 0x0000000089500000| Untracked |  0
|  72|0x0000000089600000, 0x0000000089600000, 0x0000000089700000|  0%| F|  |TAMS 0x0000000089600000| PB 0x0000000089600000| Untracked |  0
|  73|0x0000000089700000, 0x0000000089700000, 0x0000000089800000|  0%| F|  |TAMS 0x0000000089700000| PB 0x0000000089700000| Untracked |  0
|  74|0x0000000089800000, 0x0000000089800000, 0x0000000089900000|  0%| F|  |TAMS 0x0000000089800000| PB 0x0000000089800000| Untracked |  0
|  75|0x0000000089900000, 0x0000000089900000, 0x0000000089a00000|  0%| F|  |TAMS 0x0000000089900000| PB 0x0000000089900000| Untracked |  0
|  76|0x0000000089a00000, 0x0000000089a00000, 0x0000000089b00000|  0%| F|  |TAMS 0x0000000089a00000| PB 0x0000000089a00000| Untracked |  0
|  77|0x0000000089b00000, 0x0000000089b00000, 0x0000000089c00000|  0%| F|  |TAMS 0x0000000089b00000| PB 0x0000000089b00000| Untracked |  0
|  78|0x0000000089c00000, 0x0000000089c00000, 0x0000000089d00000|  0%| F|  |TAMS 0x0000000089c00000| PB 0x0000000089c00000| Untracked |  0
|  79|0x0000000089d00000, 0x0000000089d00000, 0x0000000089e00000|  0%| F|  |TAMS 0x0000000089d00000| PB 0x0000000089d00000| Untracked |  0
|  80|0x0000000089e00000, 0x0000000089e00000, 0x0000000089f00000|  0%| F|  |TAMS 0x0000000089e00000| PB 0x0000000089e00000| Untracked |  0
|  81|0x0000000089f00000, 0x0000000089f00000, 0x000000008a000000|  0%| F|  |TAMS 0x0000000089f00000| PB 0x0000000089f00000| Untracked |  0
|  82|0x000000008a000000, 0x000000008a000000, 0x000000008a100000|  0%| F|  |TAMS 0x000000008a000000| PB 0x000000008a000000| Untracked |  0
|  83|0x000000008a100000, 0x000000008a100000, 0x000000008a200000|  0%| F|  |TAMS 0x000000008a100000| PB 0x000000008a100000| Untracked |  0
|  84|0x000000008a200000, 0x000000008a200000, 0x000000008a300000|  0%| F|  |TAMS 0x000000008a200000| PB 0x000000008a200000| Untracked |  0
|  85|0x000000008a300000, 0x000000008a300000, 0x000000008a400000|  0%| F|  |TAMS 0x000000008a300000| PB 0x000000008a300000| Untracked |  0
|  86|0x000000008a400000, 0x000000008a400000, 0x000000008a500000|  0%| F|  |TAMS 0x000000008a400000| PB 0x000000008a400000| Untracked |  0
|  87|0x000000008a500000, 0x000000008a500000, 0x000000008a600000|  0%| F|  |TAMS 0x000000008a500000| PB 0x000000008a500000| Untracked |  0
|  88|0x000000008a600000, 0x000000008a600000, 0x000000008a700000|  0%| F|  |TAMS 0x000000008a600000| PB 0x000000008a600000| Untracked |  0
|  89|0x000000008a700000, 0x000000008a700000, 0x000000008a800000|  0%| F|  |TAMS 0x000000008a700000| PB 0x000000008a700000| Untracked |  0
|  90|0x000000008a800000, 0x000000008a800000, 0x000000008a900000|  0%| F|  |TAMS 0x000000008a800000| PB 0x000000008a800000| Untracked |  0
|  91|0x000000008a900000, 0x000000008a900000, 0x000000008aa00000|  0%| F|  |TAMS 0x000000008a900000| PB 0x000000008a900000| Untracked |  0
|  92|0x000000008aa00000, 0x000000008aa00000, 0x000000008ab00000|  0%| F|  |TAMS 0x000000008aa00000| PB 0x000000008aa00000| Untracked |  0
|  93|0x000000008ab00000, 0x000000008ab00000, 0x000000008ac00000|  0%| F|  |TAMS 0x000000008ab00000| PB 0x000000008ab00000| Untracked |  0
|  94|0x000000008ac00000, 0x000000008ac00000, 0x000000008ad00000|  0%| F|  |TAMS 0x000000008ac00000| PB 0x000000008ac00000| Untracked |  0
|  95|0x000000008ad00000, 0x000000008ad00000, 0x000000008ae00000|  0%| F|  |TAMS 0x000000008ad00000| PB 0x000000008ad00000| Untracked |  0
|  96|0x000000008ae00000, 0x000000008ae00000, 0x000000008af00000|  0%| F|  |TAMS 0x000000008ae00000| PB 0x000000008ae00000| Untracked |  0
|  97|0x000000008af00000, 0x000000008af00000, 0x000000008b000000|  0%| F|  |TAMS 0x000000008af00000| PB 0x000000008af00000| Untracked |  0
|  98|0x000000008b000000, 0x000000008b000000, 0x000000008b100000|  0%| F|  |TAMS 0x000000008b000000| PB 0x000000008b000000| Untracked |  0
|  99|0x000000008b100000, 0x000000008b100000, 0x000000008b200000|  0%| F|  |TAMS 0x000000008b100000| PB 0x000000008b100000| Untracked |  0
| 100|0x000000008b200000, 0x000000008b200000, 0x000000008b300000|  0%| F|  |TAMS 0x000000008b200000| PB 0x000000008b200000| Untracked |  0
| 101|0x000000008b300000, 0x000000008b300000, 0x000000008b400000|  0%| F|  |TAMS 0x000000008b300000| PB 0x000000008b300000| Untracked |  0
| 102|0x000000008b400000, 0x000000008b400000, 0x000000008b500000|  0%| F|  |TAMS 0x000000008b400000| PB 0x000000008b400000| Untracked |  0
| 103|0x000000008b500000, 0x000000008b500000, 0x000000008b600000|  0%| F|  |TAMS 0x000000008b500000| PB 0x000000008b500000| Untracked |  0
| 104|0x000000008b600000, 0x000000008b600000, 0x000000008b700000|  0%| F|  |TAMS 0x000000008b600000| PB 0x000000008b600000| Untracked |  0
| 105|0x000000008b700000, 0x000000008b700000, 0x000000008b800000|  0%| F|  |TAMS 0x000000008b700000| PB 0x000000008b700000| Untracked |  0
| 106|0x000000008b800000, 0x000000008b800000, 0x000000008b900000|  0%| F|  |TAMS 0x000000008b800000| PB 0x000000008b800000| Untracked |  0
| 107|0x000000008b900000, 0x000000008b900000, 0x000000008ba00000|  0%| F|  |TAMS 0x000000008b900000| PB 0x000000008b900000| Untracked |  0
| 108|0x000000008ba00000, 0x000000008ba00000, 0x000000008bb00000|  0%| F|  |TAMS 0x000000008ba00000| PB 0x000000008ba00000| Untracked |  0
| 109|0x000000008bb00000, 0x000000008bb00000, 0x000000008bc00000|  0%| F|  |TAMS 0x000000008bb00000| PB 0x000000008bb00000| Untracked |  0
| 110|0x000000008bc00000, 0x000000008bc00000, 0x000000008bd00000|  0%| F|  |TAMS 0x000000008bc00000| PB 0x000000008bc00000| Untracked |  0
| 111|0x000000008bd00000, 0x000000008bd00000, 0x000000008be00000|  0%| F|  |TAMS 0x000000008bd00000| PB 0x000000008bd00000| Untracked |  0
| 112|0x000000008be00000, 0x000000008be00000, 0x000000008bf00000|  0%| F|  |TAMS 0x000000008be00000| PB 0x000000008be00000| Untracked |  0
| 113|0x000000008bf00000, 0x000000008bf00000, 0x000000008c000000|  0%| F|  |TAMS 0x000000008bf00000| PB 0x000000008bf00000| Untracked |  0
| 114|0x000000008c000000, 0x000000008c000000, 0x000000008c100000|  0%| F|  |TAMS 0x000000008c000000| PB 0x000000008c000000| Untracked |  0
| 115|0x000000008c100000, 0x000000008c100000, 0x000000008c200000|  0%| F|  |TAMS 0x000000008c100000| PB 0x000000008c100000| Untracked |  0
| 116|0x000000008c200000, 0x000000008c200000, 0x000000008c300000|  0%| F|  |TAMS 0x000000008c200000| PB 0x000000008c200000| Untracked |  0
| 117|0x000000008c300000, 0x000000008c300000, 0x000000008c400000|  0%| F|  |TAMS 0x000000008c300000| PB 0x000000008c300000| Untracked |  0
| 118|0x000000008c400000, 0x000000008c400000, 0x000000008c500000|  0%| F|  |TAMS 0x000000008c400000| PB 0x000000008c400000| Untracked |  0
| 119|0x000000008c500000, 0x000000008c500000, 0x000000008c600000|  0%| F|  |TAMS 0x000000008c500000| PB 0x000000008c500000| Untracked |  0
| 120|0x000000008c600000, 0x000000008c700000, 0x000000008c700000|100%| E|  |TAMS 0x000000008c600000| PB 0x000000008c600000| Complete |  0
| 121|0x000000008c700000, 0x000000008c800000, 0x000000008c800000|100%| E|CS|TAMS 0x000000008c700000| PB 0x000000008c700000| Complete |  0
| 122|0x000000008c800000, 0x000000008c900000, 0x000000008c900000|100%| E|CS|TAMS 0x000000008c800000| PB 0x000000008c800000| Complete |  0
| 123|0x000000008c900000, 0x000000008ca00000, 0x000000008ca00000|100%| E|CS|TAMS 0x000000008c900000| PB 0x000000008c900000| Complete |  0
|1968|0x00000000ffe00000, 0x00000000fff00000, 0x00000000fff00000|100%| O|  |TAMS 0x00000000ffe00000| PB 0x00000000ffe00000| Untracked |  0
|1969|0x00000000fff00000, 0x00000000fff1c2f8, 0x0000000100000000| 11%| O|  |TAMS 0x00000000fff00000| PB 0x00000000fff00000| Untracked |  0

Card table byte_map: [0x000001bca5e10000,0x000001bca61f0000] _byte_map_base: 0x000001bca59e9000

Marking Bits: (CMBitMap*) 0x000001bc8da1e9f0
 Bits: [0x000001bca61f0000, 0x000001bca80b8000)

Polling page: 0x000001bc8b7d0000

Metaspace:

Usage:
  Non-class:    404.30 KB used.
      Class:     26.96 KB used.
       Both:    431.27 KB used.

Virtual space:
  Non-class space:       64.00 MB reserved,     448.00 KB ( <1%) committed,  1 nodes.
      Class space:        1.00 GB reserved,     128.00 KB ( <1%) committed,  1 nodes.
             Both:        1.06 GB reserved,     576.00 KB ( <1%) committed. 

Chunk freelists:
   Non-Class:  11.95 MB
       Class:  15.73 MB
        Both:  27.68 MB

MaxMetaspaceSize: unlimited
CompressedClassSpaceSize: 1.00 GB
Initial GC threshold: 21.00 MB
Current GC threshold: 21.00 MB
CDS: on
 - commit_granule_bytes: 65536.
 - commit_granule_words: 8192.
 - virtual_space_node_default_size: 8388608.
 - enlarge_chunks_in_place: 1.
UseCompressedClassPointers 1, UseCompactObjectHeaders 0
Narrow klass pointer bits 32, Max shift 3
Narrow klass base: 0x000001bcab000000, Narrow klass shift: 0
Encoding Range: [0x000001bcab000000 - 0x000001bdab000000), (4294967296 bytes)
Klass Range:    [0x000001bcab000000 - 0x000001bcec000000), (1090519040 bytes)
Klass ID Range:  [8 - 1090519033) (1090519025)


Internal statistics:

num_allocs_failed_limit: 0.
num_arena_births: 34.
num_arena_deaths: 0.
num_vsnodes_births: 2.
num_vsnodes_deaths: 0.
num_space_committed: 9.
num_space_uncommitted: 0.
num_chunks_returned_to_freelist: 0.
num_chunks_taken_from_freelist: 51.
num_chunk_merges: 0.
num_chunk_splits: 29.
num_chunks_enlarged: 5.
num_inconsistent_stats: 0.

CodeHeap 'non-profiled nmethods': size=120064Kb used=94Kb max_used=94Kb free=119969Kb
 bounds [0x000001bc9df90000, 0x000001bc9e200000, 0x000001bca54d0000]
CodeHeap 'profiled nmethods': size=120000Kb used=300Kb max_used=300Kb free=119699Kb
 bounds [0x000001bc964d0000, 0x000001bc96740000, 0x000001bc9da00000]
CodeHeap 'non-nmethods': size=5696Kb used=1228Kb max_used=1228Kb free=4467Kb
 bounds [0x000001bc9da00000, 0x000001bc9dc70000, 0x000001bc9df90000]
CodeCache: size=245760Kb, used=1622Kb, max_used=1622Kb, free=244135Kb
 total_blobs=655, nmethods=266, adapters=294, full_count=0
Compilation: enabled, stopped_count=0, restarted_count=0

Compilation events (20 events):
Event: 0.242 Thread 0x000001bcaa5e9990 nmethod 192 0x000001bc964f2588 code [0x000001bc964f26c0, 0x000001bc964f2940]
Event: 0.242 Thread 0x000001bcaa5e9990  193       3       jdk.internal.classfile.impl.BufWriterImpl::reserveSpace (22 bytes)
Event: 0.242 Thread 0x000001bcaa5e9990 nmethod 193 0x000001bc964f2988 code [0x000001bc964f2ac0, 0x000001bc964f2d90]
Event: 0.242 Thread 0x000001bcaa5e9990  196       1       jdk.internal.classfile.impl.RawBytecodeHelper::bci (5 bytes)
Event: 0.242 Thread 0x000001bcaa5e9990 nmethod 196 0x000001bc9dfa1588 code [0x000001bc9dfa1680, 0x000001bc9dfa1748]
Event: 0.242 Thread 0x000001bcaa5e9990  194       1       jdk.internal.classfile.impl.AbstractPoolEntry::constantPool (5 bytes)
Event: 0.242 Thread 0x000001bcaa5e9990 nmethod 194 0x000001bc9dfa1888 code [0x000001bc9dfa1980, 0x000001bc9dfa1a48]
Event: 0.242 Thread 0x000001bcaa5e9990  197       3       java.lang.String::checkBoundsBeginEnd (11 bytes)
Event: 0.242 Thread 0x000001bcaa5e9990 nmethod 197 0x000001bc964f2e08 code [0x000001bc964f2f40, 0x000001bc964f3160]
Event: 0.242 Thread 0x000001bcaa5e9990  195       1       java.lang.AbstractStringBuilder::getValue (5 bytes)
Event: 0.242 Thread 0x000001bcaa5e9990 nmethod 195 0x000001bc9dfa1b88 code [0x000001bc9dfa1c80, 0x000001bc9dfa1d48]
Event: 1.243 Thread 0x000001bcaa5e9990  199       3       java.lang.invoke.MemberName::initResolved (53 bytes)
Event: 1.243 Thread 0x000001bcaa5e9990 nmethod 199 0x000001bc964f3188 code [0x000001bc964f32a0, 0x000001bc964f3440]
Event: 1.243 Thread 0x000001bcaa5e9990  201       3       jdk.internal.util.ArraysSupport::hashCodeOfUnsigned (55 bytes)
Event: 1.243 Thread 0x000001bcaa5e9990 nmethod 201 0x000001bc964f3488 code [0x000001bc964f35c0, 0x000001bc964f3830]
Event: 1.243 Thread 0x000001bcaa5e9990  203       3       java.lang.invoke.MethodType::parameterType (7 bytes)
Event: 1.244 Thread 0x000001bcaa5e9990 nmethod 203 0x000001bc964f3888 code [0x000001bc964f39a0, 0x000001bc964f3ad0]
Event: 1.244 Thread 0x000001bcaa5e9990  202       3       jdk.internal.classfile.impl.AbstractPoolEntry::hashString (5 bytes)
Event: 1.244 Thread 0x000001bcaa5e9990 nmethod 202 0x000001bc964f3b88 code [0x000001bc964f3ca0, 0x000001bc964f3d90]
Event: 1.244 Thread 0x000001bcaa5e9990  200       1       jdk.internal.constant.ClassOrInterfaceDescImpl::descriptorString (5 bytes)

GC Heap History (0 events):
No events

Dll operation events (4 events):
Event: 0.012 Loaded shared library C:\Program Files\Apache NetBeans\jdk\bin\java.dll
Event: 0.166 Loaded shared library C:\Program Files\Apache NetBeans\jdk\bin\jsvml.dll
Event: 0.204 Loaded shared library C:\Program Files\Apache NetBeans\jdk\bin\net.dll
Event: 0.206 Loaded shared library C:\Program Files\Apache NetBeans\jdk\bin\nio.dll

Deoptimization events (0 events):
No events

Classes loaded (20 events):
Event: 0.207 Loading class sun/nio/fs/BasicFileAttributesHolder done
Event: 0.207 Loading class sun/nio/fs/WindowsPath$WindowsPathWithAttributes done
Event: 0.208 Loading class java/nio/file/attribute/FileAttribute
Event: 0.208 Loading class java/nio/file/attribute/FileAttribute done
Event: 0.208 Loading class sun/nio/fs/WindowsSecurityDescriptor
Event: 0.208 Loading class sun/nio/fs/WindowsSecurityDescriptor done
Event: 0.208 Loading class sun/nio/fs/WindowsChannelFactory
Event: 0.208 Loading class sun/nio/fs/WindowsChannelFactory done
Event: 0.208 Loading class sun/nio/fs/WindowsChannelFactory$1
Event: 0.208 Loading class sun/nio/fs/WindowsChannelFactory$1 done
Event: 0.208 Loading class sun/nio/fs/WindowsChannelFactory$Flags
Event: 0.208 Loading class sun/nio/fs/WindowsChannelFactory$Flags done
Event: 0.210 Loading class jdk/internal/module/ModuleReferenceImpl$CachedHash
Event: 0.210 Loading class jdk/internal/module/ModuleReferenceImpl$CachedHash done
Event: 0.221 Loading class jdk/internal/vm/PostVMInitHook
Event: 0.221 Loading class jdk/internal/vm/PostVMInitHook done
Event: 0.221 Loading class jdk/internal/loader/URLClassPath$FileLoader
Event: 0.222 Loading class jdk/internal/loader/URLClassPath$FileLoader done
Event: 0.224 Loading class jdk/internal/loader/URLClassPath$FileLoader$1
Event: 0.225 Loading class jdk/internal/loader/URLClassPath$FileLoader$1 done

Classes unloaded (0 events):
No events

Classes redefined (0 events):
No events

Internal exceptions (2 events):
Event: 0.207 Thread 0x000001bc8b550270 Exception <a 'sun/nio/fs/WindowsException'{0x000000008c8d92d0}> (0x000000008c8d92d0) 
thrown [s\src\hotspot\share\prims\jni.cpp, line 518]
Event: 0.209 Thread 0x000001bc8b550270 Exception <a 'sun/nio/fs/WindowsException'{0x000000008c8db648}> (0x000000008c8db648) 
thrown [s\src\hotspot\share\prims\jni.cpp, line 518]

VM Operations (2 events):
Event: 0.210 Executing VM operation: HandshakeAllThreads (Deoptimize)
Event: 0.210 Executing VM operation: HandshakeAllThreads (Deoptimize) done

Memory protections (0 events):
No events

Nmethod flushes (0 events):
No events

Events (13 events):
Event: 0.146 Thread 0x000001bc8b550270 Thread added: 0x000001bc8b550270
Event: 0.161 Thread 0x000001bc8b550270 Thread added: 0x000001bcaa5d9bc0
Event: 0.161 Thread 0x000001bc8b550270 Thread added: 0x000001bcaa5da300
Event: 0.162 Thread 0x000001bc8b550270 Thread added: 0x000001bcaa5db850
Event: 0.162 Thread 0x000001bc8b550270 Thread added: 0x000001bcaa5dc4b0
Event: 0.162 Thread 0x000001bc8b550270 Thread added: 0x000001bcaa5dd110
Event: 0.162 Thread 0x000001bc8b550270 Thread added: 0x000001bcaa5ddd70
Event: 0.162 Thread 0x000001bc8b550270 Thread added: 0x000001bcf0010090
Event: 0.162 Thread 0x000001bc8b550270 Thread added: 0x000001bcaa5e9990
Event: 0.198 Thread 0x000001bc8b550270 Thread added: 0x000001bcf00d0230
Event: 0.219 Thread 0x000001bcf0010090 Thread added: 0x000001bcaa5ea120
Event: 0.221 Thread 0x000001bc8b550270 Thread added: 0x000001bcf01934b0
Event: 1.243 Thread 0x000001bcaa5ea120 Thread exited: 0x000001bcaa5ea120


Dynamic libraries:
0x00007ff7b0fa0000 - 0x00007ff7b0fae000 	C:\Program Files\Apache NetBeans\jdk\bin\java.exe
0x00007ffcb26a0000 - 0x00007ffcb2905000 	C:\WINDOWS\SYSTEM32\ntdll.dll
0x00007ffcb0eb0000 - 0x00007ffcb0f79000 	C:\WINDOWS\System32\KERNEL32.DLL
0x00007ffcafe60000 - 0x00007ffcb0248000 	C:\WINDOWS\System32\KERNELBASE.dll
0x00007ffcb02f0000 - 0x00007ffcb043b000 	C:\WINDOWS\System32\ucrtbase.dll
0x00007ffc7f790000 - 0x00007ffc7f7a6000 	C:\Program Files\Apache NetBeans\jdk\bin\jli.dll
0x00007ffca6ab0000 - 0x00007ffca6ace000 	C:\Program Files\Apache NetBeans\jdk\bin\VCRUNTIME140.dll
0x00007ffcb1b50000 - 0x00007ffcb1d1a000 	C:\WINDOWS\System32\USER32.dll
0x00007ffcaf970000 - 0x00007ffcaf997000 	C:\WINDOWS\System32\win32u.dll
0x00007ffc91b40000 - 0x00007ffc91dda000 	C:\WINDOWS\WinSxS\amd64_microsoft.windows.common-controls_6595b64144ccf1df_6.0.26100.4202_none_3e0698d4e335f517\COMCTL32.dll
0x00007ffcb0980000 - 0x00007ffcb09ab000 	C:\WINDOWS\System32\GDI32.dll
0x00007ffcb15d0000 - 0x00007ffcb1679000 	C:\WINDOWS\System32\msvcrt.dll
0x00007ffcafa50000 - 0x00007ffcafb87000 	C:\WINDOWS\System32\gdi32full.dll
0x00007ffcaf9a0000 - 0x00007ffcafa43000 	C:\WINDOWS\System32\msvcp_win.dll
0x00007ffcb0840000 - 0x00007ffcb0870000 	C:\WINDOWS\System32\IMM32.DLL
0x00007ffc9e490000 - 0x00007ffc9e49c000 	C:\Program Files\Apache NetBeans\jdk\bin\vcruntime140_1.dll
0x00007ffc58a60000 - 0x00007ffc58aed000 	C:\Program Files\Apache NetBeans\jdk\bin\msvcp140.dll
0x00007ffc357e0000 - 0x00007ffc3665c000 	C:\Program Files\Apache NetBeans\jdk\bin\server\jvm.dll
0x00007ffcb0520000 - 0x00007ffcb05d3000 	C:\WINDOWS\System32\ADVAPI32.dll
0x00007ffcb1d20000 - 0x00007ffcb1dc6000 	C:\WINDOWS\System32\sechost.dll
0x00007ffcb2520000 - 0x00007ffcb2635000 	C:\WINDOWS\System32\RPCRT4.dll
0x00007ffcb0730000 - 0x00007ffcb07a4000 	C:\WINDOWS\System32\WS2_32.dll
0x00007ffcaf640000 - 0x00007ffcaf69e000 	C:\WINDOWS\SYSTEM32\POWRPROF.dll
0x00007ffcac080000 - 0x00007ffcac0b5000 	C:\WINDOWS\SYSTEM32\WINMM.dll
0x00007ffca34b0000 - 0x00007ffca34bb000 	C:\WINDOWS\SYSTEM32\VERSION.dll
0x00007ffcaf620000 - 0x00007ffcaf634000 	C:\WINDOWS\SYSTEM32\UMPDC.dll
0x00007ffcae5b0000 - 0x00007ffcae5cb000 	C:\WINDOWS\SYSTEM32\kernel.appcore.dll
0x00007ffc9e480000 - 0x00007ffc9e48a000 	C:\Program Files\Apache NetBeans\jdk\bin\jimage.dll
0x00007ffcaceb0000 - 0x00007ffcad0f1000 	C:\WINDOWS\SYSTEM32\DBGHELP.DLL
0x00007ffcb1230000 - 0x00007ffcb15b5000 	C:\WINDOWS\System32\combase.dll
0x00007ffcb1a50000 - 0x00007ffcb1b31000 	C:\WINDOWS\System32\OLEAUT32.dll
0x00007ffca35c0000 - 0x00007ffca35f9000 	C:\WINDOWS\SYSTEM32\dbgcore.DLL
0x00007ffcb0250000 - 0x00007ffcb02e9000 	C:\WINDOWS\System32\bcryptPrimitives.dll
0x00007ffc81be0000 - 0x00007ffc81bfe000 	C:\Program Files\Apache NetBeans\jdk\bin\java.dll
0x00007ffcb1070000 - 0x00007ffcb120e000 	C:\WINDOWS\System32\ole32.dll
0x00007ffcb1dd0000 - 0x00007ffcb2512000 	C:\WINDOWS\System32\SHELL32.dll
0x00007ffcaf7f0000 - 0x00007ffcaf964000 	C:\WINDOWS\System32\wintypes.dll
0x00007ffcad470000 - 0x00007ffcadcc8000 	C:\WINDOWS\SYSTEM32\windows.storage.dll
0x00007ffcb0880000 - 0x00007ffcb0971000 	C:\WINDOWS\System32\SHCORE.dll
0x00007ffcb09b0000 - 0x00007ffcb0a1a000 	C:\WINDOWS\System32\shlwapi.dll
0x00007ffcaf700000 - 0x00007ffcaf72f000 	C:\WINDOWS\SYSTEM32\profapi.dll
0x00007ffc534d0000 - 0x00007ffc535a7000 	C:\Program Files\Apache NetBeans\jdk\bin\jsvml.dll
0x00007ffc9a2b0000 - 0x00007ffc9a2c0000 	C:\Program Files\Apache NetBeans\jdk\bin\net.dll
0x00007ffcaeb20000 - 0x00007ffcaeb8a000 	C:\WINDOWS\system32\mswsock.dll
0x00007ffc7cd60000 - 0x00007ffc7cd76000 	C:\Program Files\Apache NetBeans\jdk\bin\nio.dll

JVMTI agents: none

dbghelp: loaded successfully - version: 4.0.5 - missing functions: none
symbol engine: initialized successfully - sym options: 0x614 - pdb path: .;C:\Program Files\Apache NetBeans\jdk\bin;C:\WINDOWS\SYSTEM32;C:\WINDOWS\WinSxS\amd64_microsoft.windows.common-controls_6595b64144ccf1df_6.0.26100.4202_none_3e0698d4e335f517;C:\Program Files\Apache NetBeans\jdk\bin\server

VM Arguments:
jvm_args: -Dfile.encoding=UTF-8 --module-path=C:\Users\DELL\OneDrive\Desktop\java\java\revision_oop\build\classes 
java_command: revision_oop.Revision_oop
java_class_path (initial): C:\Users\DELL\OneDrive\Desktop\java\java\revision_oop\build\classes
Launcher Type: SUN_STANDARD

[Global flags]
     intx CICompilerCount                          = 4                                         {product} {ergonomic}
     uint ConcGCThreads                            = 3                                         {product} {ergonomic}
     uint G1ConcRefinementThreads                  = 10                                        {product} {ergonomic}
   size_t G1HeapRegionSize                         = 1048576                                   {product} {ergonomic}
   size_t InitialHeapSize                          = 130023424                                 {product} {ergonomic}
   size_t MarkStackSize                            = 4194304                                   {product} {ergonomic}
   size_t MarkStackSizeMax                         = 536870912                                 {product} {ergonomic}
   size_t MaxHeapSize                              = 2065694720                                {product} {ergonomic}
   size_t MaxNewSize                               = 1239416832                                {product} {ergonomic}
   size_t MinHeapDeltaBytes                        = 1048576                                   {product} {ergonomic}
   size_t MinHeapSize                              = 8388608                                   {product} {ergonomic}
    uintx NonNMethodCodeHeapSize                   = 5832704                                {pd product} {ergonomic}
    uintx NonProfiledCodeHeapSize                  = 122945536                              {pd product} {ergonomic}
    uintx ProfiledCodeHeapSize                     = 122880000                              {pd product} {ergonomic}
    uintx ReservedCodeCacheSize                    = 251658240                              {pd product} {ergonomic}
     bool SegmentedCodeCache                       = true                                      {product} {ergonomic}
   size_t SoftMaxHeapSize                          = 2065694720                             {manageable} {ergonomic}
     bool UseCompressedOops                        = true                           {product lp64_product} {ergonomic}
     bool UseG1GC                                  = true                                      {product} {ergonomic}
     bool UseLargePagesIndividualAllocation        = false                                  {pd product} {ergonomic}

Logging:
Log output configuration:
 #0: stdout all=warning uptime,level,tags foldmultilines=false
 #1: stderr all=off uptime,level,tags foldmultilines=false

Environment Variables:
JAVA_HOME=C:\Program Files\Java\jdk-24
PATH=C:\Program Files\Common Files\Oracle\Java\javapath;C:\WINDOWS\system32;C:\WINDOWS;C:\WINDOWS\System32\Wbem;C:\WINDOWS\System32\WindowsPowerShell\v1.0\;C:\WINDOWS\System32\OpenSSH\;C:\Program Files\dotnet\;C:\Program Files\Microsoft SQL Server\150\Tools\Binn\;C:\Program Files\Microsoft SQL Server\Client SDK\ODBC\170\Tools\Binn\;C:\MinGW\bin;C:\Users\DELL\AppData\Local\Programs\Python\Launcher\;C:\Users\DELL\scoop\apps\gcc\current\bin;C:\Users\DELL\scoop\shims;C:\Users\DELL\AppData\Local\Microsoft\WindowsApps;C:\Users\DELL\Pictures\Saved Pictures\PyCharm 2024.2.3\bin;;C:\Users\DELL\.dotnet\tools;C:\Users\DELL\AppData\Local\Programs\Microsoft VS Code\bin;C:\Program Files\JetBrains\PyCharm Community Edition 2024.3.1\bin;;C:\Program Files\Java\jdk-24.bin;
USERNAME=DELL
OS=Windows_NT
PROCESSOR_IDENTIFIER=Intel64 Family 6 Model 154 Stepping 4, GenuineIntel
TMP=C:\Users\DELL\AppData\Local\Temp
TEMP=C:\Users\DELL\AppData\Local\Temp




Periodic native trim disabled

---------------  S Y S T E M  ---------------

OS:
 Windows 11 , 64 bit Build 26100 (10.0.26100.4202)
OS uptime: 2 days 20:19 hours

CPU: total 12 (initial active 12) (6 cores per cpu, 2 threads per core) family 6 model 154 stepping 4 microcode 0x435, cx8, cmov, fxsr, ht, mmx, 3dnowpref, sse, sse2, sse3, ssse3, sse4.1, sse4.2, popcnt, lzcnt, tsc, tscinvbit, avx, avx2, aes, erms, clmul, bmi1, bmi2, adx, sha, fma, vzeroupper, clflush, clflushopt, clwb, serialize, rdtscp, rdpid, fsrm, gfni, f16c, pku, cet_ibt, cet_ss
Processor Information for the first 12 processors :
  Max Mhz: 1300, Current Mhz: 1300, Mhz Limit: 1300

Memory: 4k page, system-wide physical 7876M (1492M free)
TotalPageFile size 11972M (AvailPageFile size 72M)
current process WorkingSet (physical memory assigned to process): 49M, peak: 49M
current process commit charge ("private bytes"): 219M, peak: 219M

vm_info: OpenJDK 64-Bit Server VM (24.0.1+9) for windows-amd64 JRE (24.0.1+9) (Zulu24.30+11-CA), built on 2025-03-21T13:52:34Z with MS VC++ 17.1 (VS2022)

END.
